Arguments: 
  /home/kentaro/local/git/emsdk/node/14.18.2_64bit/bin/node /usr/local/bin/yarn add ace-build

PATH: 
  /home/kentaro/local/google-cloud-sdk/bin:/home/kentaro/local/git/emsdk:/home/kentaro/local/git/emsdk/upstream/emscripten:/home/kentaro/local/git/emsdk/node/14.18.2_64bit/bin:/home/kentaro/local/git/root_build/bin:/home/kentaro/.local/bin:/usr/local/sbin:/usr/local/bin:/usr/sbin:/usr/bin:/sbin:/bin:/usr/games:/usr/local/games:/snap/bin:/home/kentaro/.nimble/bin:/home/kentaro/local/bin/:/home/kentaro/local/:/usr/local/texlive/2023/bin/x86_64-linux/

Yarn version: 
  1.22.17

Node version: 
  14.18.2

Platform: 
  linux x64

Trace: 
  Error: https://registry.yarnpkg.com/ace-build: Not found
      at Request.params.callback [as _callback] (/usr/local/lib/node_modules/yarn/lib/cli.js:67029:18)
      at Request.self.callback (/usr/local/lib/node_modules/yarn/lib/cli.js:140883:22)
      at Request.emit (events.js:400:28)
      at Request.<anonymous> (/usr/local/lib/node_modules/yarn/lib/cli.js:141855:10)
      at Request.emit (events.js:400:28)
      at IncomingMessage.<anonymous> (/usr/local/lib/node_modules/yarn/lib/cli.js:141777:12)
      at Object.onceWrapper (events.js:519:28)
      at IncomingMessage.emit (events.js:412:35)
      at endReadableNT (internal/streams/readable.js:1334:12)
      at processTicksAndRejections (internal/process/task_queues.js:82:21)

npm manifest: 
  {
    "name": "t-yasusi.github.io",
    "version": "1.0.0",
    "description": "t-yasusi web page ",
    "main": "index.js",
    "repository": "git@github.com:T-Yasusi/t-yasusi.github.io",
    "author": "井上謙太郎 <yasusi.1530@gmail.com>",
    "license": "MIT",
    "private": false
  }

yarn manifest: 
  No manifest

Lockfile: 
  No lockfile
